<?xml version="1.0" encoding="UTF-8"?>
<Site BuildName="(empty)"
	BuildStamp="20231004-1228-Experimental"
	Name="ubuntu"
	Generator="ctest-3.10.2"
	CompilerName="/usr/bin/c++"
	CompilerVersion="7.5.0"
	OSName="Linux"
	Hostname="ubuntu"
	OSRelease="5.4.0-150-generic"
	OSVersion="#167~18.04.1-Ubuntu SMP Wed May 24 00:51:42 UTC 2023"
	OSPlatform="x86_64"
	Is64Bits="1"
	VendorString="AuthenticAMD"
	VendorID="Advanced Micro Devices"
	FamilyID="25"
	ModelID="80"
	ProcessorCacheSize="512"
	NumberOfLogicalCPU="4"
	NumberOfPhysicalCPU="4"
	TotalVirtualMemory="1186"
	TotalPhysicalMemory="7387"
	LogicalProcessorsPerPhysical="1"
	ProcessorClockFrequency="2295.63"
	>
	<Testing>
		<StartDateTime>Oct 04 05:28 PDT</StartDateTime>
		<StartTestTime>1696422515</StartTestTime>
		<TestList/>
		<EndDateTime>Oct 04 05:28 PDT</EndDateTime>
		<EndTestTime>1696422515</EndTestTime>
		<ElapsedMinutes>0</ElapsedMinutes>
	</Testing>
</Site>
